2021-11-27 02:08:28.086  INFO 43500 --- [main] com.example.demo.CheckInfluxApplication  : Starting CheckInfluxApplication using Java 11.0.12 on HpPavilion with PID 43500 (C:\Users\ILYA\IdeaProjects\CheckInflux\target\classes started by Vital in C:\Users\ILYA\IdeaProjects\CheckInflux)
2021-11-27 02:08:28.092  INFO 43500 --- [main] com.example.demo.CheckInfluxApplication  : No active profile set, falling back to default profiles: default
2021-11-27 02:08:28.803  INFO 43500 --- [main] o.s.b.w.embedded.tomcat.TomcatWebServer  : Tomcat initialized with port(s): 8080 (http)
2021-11-27 02:08:28.814  INFO 43500 --- [main] o.apache.catalina.core.StandardService   : Starting service [Tomcat]
2021-11-27 02:08:28.815  INFO 43500 --- [main] org.apache.catalina.core.StandardEngine  : Starting Servlet engine: [Apache Tomcat/9.0.55]
2021-11-27 02:08:28.866  INFO 43500 --- [main] o.a.c.c.C.[Tomcat].[localhost].[/]       : Initializing Spring embedded WebApplicationContext
2021-11-27 02:08:28.866  INFO 43500 --- [main] w.s.c.ServletWebServerApplicationContext : Root WebApplicationContext: initialization completed in 733 ms
2021-11-27 02:08:28.903  INFO 43500 --- [main] com.example.demo.CheckInflux             : XYIIIIIIIIIIIIIIIIIIIIIIIIIIIIIII
2021-11-27 02:08:29.100  INFO 43500 --- [main] o.s.b.w.embedded.tomcat.TomcatWebServer  : Tomcat started on port(s): 8080 (http) with context path ''
2021-11-27 02:08:29.108  INFO 43500 --- [main] com.example.demo.CheckInfluxApplication  : Started CheckInfluxApplication in 1.38 seconds (JVM running for 1.943)
2021-11-27 02:08:31.345  INFO 43500 --- [main] com.example.demo.CheckInflux             : TEST1637968111345
2021-11-27 02:08:33.367  INFO 43500 --- [main] com.example.demo.CheckInflux             : TEST1637968113367
2021-11-27 02:08:35.404  INFO 43500 --- [main] com.example.demo.CheckInflux             : TEST1637968115404
2021-11-27 02:08:37.433  INFO 43500 --- [main] com.example.demo.CheckInflux             : TEST1637968117433
2021-11-27 02:08:39.467  INFO 43500 --- [main] com.example.demo.CheckInflux             : TEST1637968119467
2021-11-27 02:08:41.497  INFO 43500 --- [main] com.example.demo.CheckInflux             : TEST1637968121497
2021-11-27 02:08:43.528  INFO 43500 --- [main] com.example.demo.CheckInflux             : TEST1637968123528
2021-11-27 02:08:45.547  INFO 43500 --- [main] com.example.demo.CheckInflux             : TEST1637968125547
2021-11-27 02:08:47.569  INFO 43500 --- [main] com.example.demo.CheckInflux             : TEST1637968127569
2021-11-27 02:08:49.604  INFO 43500 --- [main] com.example.demo.CheckInflux             : TEST1637968129604
2021-11-27 02:08:51.638  INFO 43500 --- [main] com.example.demo.CheckInflux             : TEST1637968131638
2021-11-27 02:08:53.668  INFO 43500 --- [main] com.example.demo.CheckInflux             : TEST1637968133668
2021-11-27 02:08:55.701  INFO 43500 --- [main] com.example.demo.CheckInflux             : TEST1637968135701
2021-11-27 02:08:57.730  INFO 43500 --- [main] com.example.demo.CheckInflux             : TEST1637968137730
2021-11-27 02:08:59.750  INFO 43500 --- [main] com.example.demo.CheckInflux             : TEST1637968139750
2021-11-27 02:09:01.778  INFO 43500 --- [main] com.example.demo.CheckInflux             : TEST1637968141778
2021-11-27 02:09:03.803  INFO 43500 --- [main] com.example.demo.CheckInflux             : TEST1637968143803
2021-11-27 02:09:05.833  INFO 43500 --- [main] com.example.demo.CheckInflux             : TEST1637968145833
2021-11-27 02:09:07.866  INFO 43500 --- [main] com.example.demo.CheckInflux             : TEST1637968147866
2021-11-27 02:09:09.898  INFO 43500 --- [main] com.example.demo.CheckInflux             : TEST1637968149898
2021-11-27 02:09:11.931  INFO 43500 --- [main] com.example.demo.CheckInflux             : TEST1637968151931
2021-11-27 02:09:13.963  INFO 43500 --- [main] com.example.demo.CheckInflux             : TEST1637968153963
2021-11-27 02:09:15.998  INFO 43500 --- [main] com.example.demo.CheckInflux             : TEST1637968155998
2021-11-27 02:09:18.025  INFO 43500 --- [main] com.example.demo.CheckInflux             : TEST1637968158025
2021-11-27 02:09:20.051  INFO 43500 --- [main] com.example.demo.CheckInflux             : TEST1637968160051
2021-11-27 02:09:22.077  INFO 43500 --- [main] com.example.demo.CheckInflux             : TEST1637968162077
2021-11-27 02:09:24.108  INFO 43500 --- [main] com.example.demo.CheckInflux             : TEST1637968164108
2021-11-27 02:09:26.137  INFO 43500 --- [main] com.example.demo.CheckInflux             : TEST1637968166137
2021-11-27 02:09:28.165  INFO 43500 --- [main] com.example.demo.CheckInflux             : TEST1637968168165
2021-11-27 02:09:30.186  INFO 43500 --- [main] com.example.demo.CheckInflux             : TEST1637968170186
2021-11-27 02:09:32.207  INFO 43500 --- [main] com.example.demo.CheckInflux             : TEST1637968172207
2021-11-27 02:09:34.239  INFO 43500 --- [main] com.example.demo.CheckInflux             : TEST1637968174239
2021-11-27 02:09:36.264  INFO 43500 --- [main] com.example.demo.CheckInflux             : TEST1637968176264
2021-11-27 02:09:38.289  INFO 43500 --- [main] com.example.demo.CheckInflux             : TEST1637968178289
2021-11-27 02:09:40.316  INFO 43500 --- [main] com.example.demo.CheckInflux             : TEST1637968180316
2021-11-27 02:09:42.349  INFO 43500 --- [main] com.example.demo.CheckInflux             : TEST1637968182349
2021-11-27 02:09:44.380  INFO 43500 --- [main] com.example.demo.CheckInflux             : TEST1637968184380
2021-11-27 02:09:46.401  INFO 43500 --- [main] com.example.demo.CheckInflux             : TEST1637968186401
2021-11-27 02:09:48.433  INFO 43500 --- [main] com.example.demo.CheckInflux             : TEST1637968188433
2021-11-27 02:09:50.451  INFO 43500 --- [main] com.example.demo.CheckInflux             : TEST1637968190451
2021-11-27 02:09:52.483  INFO 43500 --- [main] com.example.demo.CheckInflux             : TEST1637968192483
2021-11-27 02:09:54.516  INFO 43500 --- [main] com.example.demo.CheckInflux             : TEST1637968194516
2021-11-27 02:09:56.547  INFO 43500 --- [main] com.example.demo.CheckInflux             : TEST1637968196547
2021-11-27 02:09:58.568  INFO 43500 --- [main] com.example.demo.CheckInflux             : TEST1637968198568
2021-11-27 02:10:00.595  INFO 43500 --- [main] com.example.demo.CheckInflux             : TEST1637968200595
2021-11-27 02:10:02.625  INFO 43500 --- [main] com.example.demo.CheckInflux             : TEST1637968202625
2021-11-27 02:10:04.659  INFO 43500 --- [main] com.example.demo.CheckInflux             : TEST1637968204659
2021-11-27 02:10:06.690  INFO 43500 --- [main] com.example.demo.CheckInflux             : TEST1637968206690
2021-11-27 02:10:08.719  INFO 43500 --- [main] com.example.demo.CheckInflux             : TEST1637968208719
2021-11-27 02:10:10.749  INFO 43500 --- [main] com.example.demo.CheckInflux             : TEST1637968210749
2021-11-27 02:10:12.773  INFO 43500 --- [main] com.example.demo.CheckInflux             : TEST1637968212773
2021-11-27 02:10:14.807  INFO 43500 --- [main] com.example.demo.CheckInflux             : TEST1637968214807
2021-11-27 02:10:16.831  INFO 43500 --- [main] com.example.demo.CheckInflux             : TEST1637968216831
2021-11-27 02:10:18.855  INFO 43500 --- [main] com.example.demo.CheckInflux             : TEST1637968218855
2021-11-27 02:10:20.875  INFO 43500 --- [main] com.example.demo.CheckInflux             : TEST1637968220875
2021-11-27 02:10:22.907  INFO 43500 --- [main] com.example.demo.CheckInflux             : TEST1637968222907
2021-11-27 02:10:24.941  INFO 43500 --- [main] com.example.demo.CheckInflux             : TEST1637968224941
2021-11-27 02:10:26.961  INFO 43500 --- [main] com.example.demo.CheckInflux             : TEST1637968226961
2021-11-27 02:10:28.993  INFO 43500 --- [main] com.example.demo.CheckInflux             : TEST1637968228993
2021-11-27 02:10:31.024  INFO 43500 --- [main] com.example.demo.CheckInflux             : TEST1637968231024
2021-11-27 02:10:33.056  INFO 43500 --- [main] com.example.demo.CheckInflux             : TEST1637968233056
2021-11-27 02:10:35.088  INFO 43500 --- [main] com.example.demo.CheckInflux             : TEST1637968235088
2021-11-27 02:10:37.120  INFO 43500 --- [main] com.example.demo.CheckInflux             : TEST1637968237120
2021-11-27 02:10:39.147  INFO 43500 --- [main] com.example.demo.CheckInflux             : TEST1637968239147
2021-11-27 02:10:41.181  INFO 43500 --- [main] com.example.demo.CheckInflux             : TEST1637968241181
2021-11-27 02:10:43.213  INFO 43500 --- [main] com.example.demo.CheckInflux             : TEST1637968243213
2021-11-27 02:10:45.234  INFO 43500 --- [main] com.example.demo.CheckInflux             : TEST1637968245234
2021-11-27 02:10:47.265  INFO 43500 --- [main] com.example.demo.CheckInflux             : TEST1637968247265
2021-11-27 02:10:49.300  INFO 43500 --- [main] com.example.demo.CheckInflux             : TEST1637968249300
2021-11-27 02:10:51.323  INFO 43500 --- [main] com.example.demo.CheckInflux             : TEST1637968251323
2021-11-27 02:10:53.353  INFO 43500 --- [main] com.example.demo.CheckInflux             : TEST1637968253353
2021-11-27 02:10:55.389  INFO 43500 --- [main] com.example.demo.CheckInflux             : TEST1637968255389
2021-11-27 02:10:57.424  INFO 43500 --- [main] com.example.demo.CheckInflux             : TEST1637968257424
2021-11-27 02:10:59.450  INFO 43500 --- [main] com.example.demo.CheckInflux             : TEST1637968259450
2021-11-27 02:11:01.468  INFO 43500 --- [main] com.example.demo.CheckInflux             : TEST1637968261468
2021-11-27 02:11:03.503  INFO 43500 --- [main] com.example.demo.CheckInflux             : TEST1637968263503
2021-11-27 02:11:05.534  INFO 43500 --- [main] com.example.demo.CheckInflux             : TEST1637968265534
2021-11-27 02:11:07.565  INFO 43500 --- [main] com.example.demo.CheckInflux             : TEST1637968267565
2021-11-27 02:11:09.585  INFO 43500 --- [main] com.example.demo.CheckInflux             : TEST1637968269585
2021-11-27 02:11:11.605  INFO 43500 --- [main] com.example.demo.CheckInflux             : TEST1637968271605
2021-11-27 02:11:13.624  INFO 43500 --- [main] com.example.demo.CheckInflux             : TEST1637968273624
2021-11-27 02:11:15.652  INFO 43500 --- [main] com.example.demo.CheckInflux             : TEST1637968275652
2021-11-27 02:11:17.681  INFO 43500 --- [main] com.example.demo.CheckInflux             : TEST1637968277681
2021-11-27 02:11:19.715  INFO 43500 --- [main] com.example.demo.CheckInflux             : TEST1637968279715
2021-11-27 02:11:21.749  INFO 43500 --- [main] com.example.demo.CheckInflux             : TEST1637968281749
2021-11-27 02:11:23.773  INFO 43500 --- [main] com.example.demo.CheckInflux             : TEST1637968283773
2021-11-27 02:11:25.797  INFO 43500 --- [main] com.example.demo.CheckInflux             : TEST1637968285797
2021-11-27 02:11:27.828  INFO 43500 --- [main] com.example.demo.CheckInflux             : TEST1637968287828
2021-11-27 02:11:29.860  INFO 43500 --- [main] com.example.demo.CheckInflux             : TEST1637968289860
2021-11-27 02:11:31.888  INFO 43500 --- [main] com.example.demo.CheckInflux             : TEST1637968291888
2021-11-27 02:11:33.922  INFO 43500 --- [main] com.example.demo.CheckInflux             : TEST1637968293922
2021-11-27 02:11:35.951  INFO 43500 --- [main] com.example.demo.CheckInflux             : TEST1637968295951
2021-11-27 02:11:37.982  INFO 43500 --- [main] com.example.demo.CheckInflux             : TEST1637968297982
2021-11-27 02:11:40.012  INFO 43500 --- [main] com.example.demo.CheckInflux             : TEST1637968300012
2021-11-27 02:11:42.039  INFO 43500 --- [main] com.example.demo.CheckInflux             : TEST1637968302039
2021-11-27 02:11:44.056  INFO 43500 --- [main] com.example.demo.CheckInflux             : TEST1637968304056
2021-11-27 02:11:46.084  INFO 43500 --- [main] com.example.demo.CheckInflux             : TEST1637968306084
2021-11-27 02:11:48.118  INFO 43500 --- [main] com.example.demo.CheckInflux             : TEST1637968308118
2021-11-27 02:11:50.139  INFO 43500 --- [main] com.example.demo.CheckInflux             : TEST1637968310139
2021-11-27 02:11:52.171  INFO 43500 --- [main] com.example.demo.CheckInflux             : TEST1637968312171
2021-11-27 02:11:54.203  INFO 43500 --- [main] com.example.demo.CheckInflux             : TEST1637968314203
2021-11-27 02:11:56.232  INFO 43500 --- [main] com.example.demo.CheckInflux             : TEST1637968316232
2021-11-27 02:11:58.254  INFO 43500 --- [main] com.example.demo.CheckInflux             : TEST1637968318254
2021-11-27 02:12:00.274  INFO 43500 --- [main] com.example.demo.CheckInflux             : TEST1637968320274
2021-11-27 02:12:02.302  INFO 43500 --- [main] com.example.demo.CheckInflux             : TEST1637968322302
2021-11-27 02:12:04.325  INFO 43500 --- [main] com.example.demo.CheckInflux             : TEST1637968324325
2021-11-27 02:12:06.357  INFO 43500 --- [main] com.example.demo.CheckInflux             : TEST1637968326357
2021-11-27 02:12:08.385  INFO 43500 --- [main] com.example.demo.CheckInflux             : TEST1637968328385
2021-11-27 02:12:10.409  INFO 43500 --- [main] com.example.demo.CheckInflux             : TEST1637968330409
2021-11-27 02:12:12.431  INFO 43500 --- [main] com.example.demo.CheckInflux             : TEST1637968332431
2021-11-27 02:12:14.461  INFO 43500 --- [main] com.example.demo.CheckInflux             : TEST1637968334461
2021-11-27 02:12:16.496  INFO 43500 --- [main] com.example.demo.CheckInflux             : TEST1637968336496
2021-11-27 02:12:18.528  INFO 43500 --- [main] com.example.demo.CheckInflux             : TEST1637968338528
2021-11-27 02:12:20.548  INFO 43500 --- [main] com.example.demo.CheckInflux             : TEST1637968340548
2021-11-27 02:12:22.569  INFO 43500 --- [main] com.example.demo.CheckInflux             : TEST1637968342569
2021-11-27 02:12:24.595  INFO 43500 --- [main] com.example.demo.CheckInflux             : TEST1637968344595
2021-11-27 02:12:26.626  INFO 43500 --- [main] com.example.demo.CheckInflux             : TEST1637968346626
2021-11-27 02:12:28.647  INFO 43500 --- [main] com.example.demo.CheckInflux             : TEST1637968348647
2021-11-27 02:12:30.679  INFO 43500 --- [main] com.example.demo.CheckInflux             : TEST1637968350679
2021-11-27 02:12:32.710  INFO 43500 --- [main] com.example.demo.CheckInflux             : TEST1637968352710
2021-11-27 02:12:34.743  INFO 43500 --- [main] com.example.demo.CheckInflux             : TEST1637968354743
2021-11-27 02:12:36.773  INFO 43500 --- [main] com.example.demo.CheckInflux             : TEST1637968356773
2021-11-27 02:12:38.801  INFO 43500 --- [main] com.example.demo.CheckInflux             : TEST1637968358801
2021-11-27 02:12:40.820  INFO 43500 --- [main] com.example.demo.CheckInflux             : TEST1637968360820
2021-11-27 02:12:42.850  INFO 43500 --- [main] com.example.demo.CheckInflux             : TEST1637968362850
2021-11-27 02:12:44.884  INFO 43500 --- [main] com.example.demo.CheckInflux             : TEST1637968364884
2021-11-27 02:12:46.917  INFO 43500 --- [main] com.example.demo.CheckInflux             : TEST1637968366917
2021-11-27 02:12:48.937  INFO 43500 --- [main] com.example.demo.CheckInflux             : TEST1637968368937
2021-11-27 02:12:50.959  INFO 43500 --- [main] com.example.demo.CheckInflux             : TEST1637968370959
2021-11-27 02:12:52.988  INFO 43500 --- [main] com.example.demo.CheckInflux             : TEST1637968372988
2021-11-27 02:12:55.020  INFO 43500 --- [main] com.example.demo.CheckInflux             : TEST1637968375020
2021-11-27 02:12:57.053  INFO 43500 --- [main] com.example.demo.CheckInflux             : TEST1637968377053
2021-11-27 02:12:59.082  INFO 43500 --- [main] com.example.demo.CheckInflux             : TEST1637968379082
2021-11-27 02:13:01.117  INFO 43500 --- [main] com.example.demo.CheckInflux             : TEST1637968381117
2021-11-27 02:13:03.147  INFO 43500 --- [main] com.example.demo.CheckInflux             : TEST1637968383147
2021-11-27 02:13:05.174  INFO 43500 --- [main] com.example.demo.CheckInflux             : TEST1637968385174
2021-11-27 02:13:07.207  INFO 43500 --- [main] com.example.demo.CheckInflux             : TEST1637968387207
2021-11-27 02:13:09.239  INFO 43500 --- [main] com.example.demo.CheckInflux             : TEST1637968389239
2021-11-27 02:13:11.265  INFO 43500 --- [main] com.example.demo.CheckInflux             : TEST1637968391265
2021-11-27 02:13:13.285  INFO 43500 --- [main] com.example.demo.CheckInflux             : TEST1637968393285
2021-11-27 02:13:15.317  INFO 43500 --- [main] com.example.demo.CheckInflux             : TEST1637968395317
2021-11-27 02:13:17.339  INFO 43500 --- [main] com.example.demo.CheckInflux             : TEST1637968397339
2021-11-27 02:13:19.358  INFO 43500 --- [main] com.example.demo.CheckInflux             : TEST1637968399358
2021-11-27 02:13:21.389  INFO 43500 --- [main] com.example.demo.CheckInflux             : TEST1637968401389
2021-11-27 02:13:23.422  INFO 43500 --- [main] com.example.demo.CheckInflux             : TEST1637968403422
2021-11-27 02:13:25.452  INFO 43500 --- [main] com.example.demo.CheckInflux             : TEST1637968405452
2021-11-27 02:13:27.485  INFO 43500 --- [main] com.example.demo.CheckInflux             : TEST1637968407485
2021-11-27 02:13:29.515  INFO 43500 --- [main] com.example.demo.CheckInflux             : TEST1637968409515
2021-11-27 02:13:31.549  INFO 43500 --- [main] com.example.demo.CheckInflux             : TEST1637968411549
2021-11-27 02:13:33.579  INFO 43500 --- [main] com.example.demo.CheckInflux             : TEST1637968413579
2021-11-27 02:13:35.599  INFO 43500 --- [main] com.example.demo.CheckInflux             : TEST1637968415599
2021-11-27 02:13:37.630  INFO 43500 --- [main] com.example.demo.CheckInflux             : TEST1637968417630
2021-11-27 02:13:39.652  INFO 43500 --- [main] com.example.demo.CheckInflux             : TEST1637968419652
2021-11-27 02:13:41.675  INFO 43500 --- [main] com.example.demo.CheckInflux             : TEST1637968421675
2021-11-27 02:13:43.710  INFO 43500 --- [main] com.example.demo.CheckInflux             : TEST1637968423710
2021-11-27 02:13:45.736  INFO 43500 --- [main] com.example.demo.CheckInflux             : TEST1637968425736
2021-11-27 02:13:47.764  INFO 43500 --- [main] com.example.demo.CheckInflux             : TEST1637968427764
2021-11-27 02:13:49.792  INFO 43500 --- [main] com.example.demo.CheckInflux             : TEST1637968429792
2021-11-27 02:13:51.825  INFO 43500 --- [main] com.example.demo.CheckInflux             : TEST1637968431825
2021-11-27 02:13:53.857  INFO 43500 --- [main] com.example.demo.CheckInflux             : TEST1637968433857
2021-11-27 02:13:55.876  INFO 43500 --- [main] com.example.demo.CheckInflux             : TEST1637968435876
2021-11-27 02:13:57.897  INFO 43500 --- [main] com.example.demo.CheckInflux             : TEST1637968437897
